2025-09-07 13:25:00 | DEBUG | repo=tictactoe | action=commit
2025-08-05 11:35:00 | DEBUG | repo=tictactoe | action=commit
2025-11-20 08:38:00 | WARN | repo=tictactoe | action=pull
2025-08-02 19:03:00 | DEBUG | repo=tictactoe | action=edit | files=3
2025-05-04 13:20:00 | INFO | repo=tictactoe | action=commit
2025-05-02 07:54:00 | INFO | repo=tictactoe | action=commit
2025-04-15 07:38:00 | WARN | repo=tictactoe | action=edit | files=5
2025-05-01 16:11:00 | INFO | repo=tictactoe | action=commit
2025-08-21 13:08:00 | DEBUG | repo=tictactoe | action=commit
2025-12-02 17:41:00 | DEBUG | repo=tictactoe | action=commit
2025-01-14 21:28:00 | DEBUG | repo=tictactoe | action=commit
2025-05-15 07:49:00 | INFO | repo=tictactoe | action=commit
2025-02-27 13:27:00 | WARN | repo=tictactoe | action=commit
2025-03-18 12:21:00 | WARN | repo=tictactoe | action=commit
2025-04-15 17:34:00 | INFO | repo=tictactoe | action=edit | files=3
2025-05-20 08:54:00 | WARN | repo=tictactoe | action=commit
2025-09-13 11:04:00 | WARN | repo=tictactoe | action=commit
2025-08-26 13:57:00 | WARN | repo=tictactoe | action=commit
2025-10-26 10:07:00 | WARN | repo=tictactoe | action=commit
2025-05-06 08:29:00 | DEBUG | repo=tictactoe | action=commit
2025-05-07 07:47:00 | INFO | repo=tictactoe | action=pull
2025-10-27 09:13:00 | WARN | repo=tictactoe | action=commit
2025-01-08 08:20:00 | DEBUG | repo=tictactoe | action=commit
2025-07-10 07:12:00 | WARN | repo=tictactoe | action=commit
2025-11-05 07:59:00 | INFO | repo=tictactoe | action=edit | files=2
2025-06-13 17:05:00 | DEBUG | repo=tictactoe | action=commit
2025-11-16 19:14:00 | DEBUG | repo=tictactoe | action=commit
2025-01-11 17:07:00 | DEBUG | repo=tictactoe | action=commit
2025-01-02 07:40:00 | WARN | repo=tictactoe | action=commit
2025-06-16 08:53:00 | WARN | repo=tictactoe | action=commit
2025-04-28 07:31:00 | DEBUG | repo=tictactoe | action=commit
2025-06-05 21:18:00 | INFO | repo=tictactoe | action=edit | files=4
2025-12-13 19:00:00 | DEBUG | repo=tictactoe | action=commit
2025-09-10 21:51:00 | WARN | repo=tictactoe | action=commit
2025-05-01 12:47:00 | WARN | repo=tictactoe | action=commit
2025-03-26 21:18:00 | WARN | repo=tictactoe | action=commit
2025-01-13 15:51:00 | DEBUG | repo=tictactoe | action=commit
2025-02-03 16:35:00 | WARN | repo=tictactoe | action=edit | files=4
2025-10-03 19:31:00 | WARN | repo=tictactoe | action=commit
2025-04-14 07:36:00 | INFO | repo=tictactoe | action=commit
2025-03-23 14:47:00 | WARN | repo=tictactoe | action=commit
2025-12-17 17:26:00 | WARN | repo=tictactoe | action=commit
2025-10-20 12:34:00 | DEBUG | repo=tictactoe | action=test | passed=true
2025-09-16 08:21:00 | DEBUG | repo=tictactoe | action=commit
2025-08-20 13:07:00 | INFO | repo=tictactoe | action=pull
2025-03-09 17:44:00 | WARN | repo=tictactoe | action=commit
2025-12-12 13:33:00 | INFO | repo=tictactoe | action=commit
2025-09-16 17:13:00 | DEBUG | repo=tictactoe | action=commit
2025-06-15 17:45:00 | INFO | repo=tictactoe | action=test | passed=true
2025-10-20 15:51:00 | WARN | repo=tictactoe | action=commit
2025-02-06 18:30:00 | DEBUG | repo=tictactoe | action=commit
2025-06-26 21:12:00 | WARN | repo=tictactoe | action=test | passed=true
2025-05-25 17:33:00 | WARN | repo=tictactoe | action=commit
2025-07-06 21:01:00 | WARN | repo=tictactoe | action=commit
2025-01-08 19:39:00 | INFO | repo=tictactoe | action=commit
2025-03-16 16:29:00 | INFO | repo=tictactoe | action=commit
2025-02-07 07:29:00 | WARN | repo=tictactoe | action=commit
2025-07-06 21:33:00 | WARN | repo=tictactoe | action=commit
2025-11-08 19:17:00 | DEBUG | repo=tictactoe | action=commit
2025-06-23 11:37:00 | INFO | repo=tictactoe | action=commit
2025-03-12 21:56:00 | WARN | repo=tictactoe | action=commit
2025-11-05 19:31:00 | DEBUG | repo=tictactoe | action=test | passed=true
2025-02-20 14:26:00 | DEBUG | repo=tictactoe | action=commit
2025-11-05 08:01:00 | DEBUG | repo=tictactoe | action=commit
2025-03-23 09:48:00 | DEBUG | repo=tictactoe | action=commit
2025-04-16 21:40:00 | WARN | repo=tictactoe | action=commit
2025-07-18 11:17:00 | WARN | repo=tictactoe | action=pull
2025-12-18 07:43:00 | DEBUG | repo=tictactoe | action=pull
2025-09-04 19:09:00 | DEBUG | repo=tictactoe | action=edit | files=4
2025-01-19 11:07:00 | WARN | repo=tictactoe | action=commit
2025-12-27 09:09:00 | WARN | repo=tictactoe | action=pull
2025-07-18 11:04:00 | INFO | repo=tictactoe | action=commit
2025-01-21 13:19:00 | INFO | repo=tictactoe | action=commit
2025-08-10 16:53:00 | WARN | repo=tictactoe | action=test | passed=true
2025-05-09 18:40:00 | INFO | repo=tictactoe | action=commit
2025-10-11 13:26:00 | INFO | repo=tictactoe | action=commit
2025-05-02 07:28:00 | WARN | repo=tictactoe | action=commit
2025-03-12 12:04:00 | DEBUG | repo=tictactoe | action=commit
2025-04-09 19:04:00 | WARN | repo=tictactoe | action=pull
2025-08-04 20:16:00 | INFO | repo=tictactoe | action=commit
2025-04-09 08:12:00 | INFO | repo=tictactoe | action=pull
2025-12-04 19:23:00 | WARN | repo=tictactoe | action=commit
2025-06-18 09:30:00 | INFO | repo=tictactoe | action=commit
2025-08-19 09:07:00 | WARN | repo=tictactoe | action=commit
2025-05-18 14:12:00 | INFO | repo=tictactoe | action=commit
2025-05-07 09:10:00 | WARN | repo=tictactoe | action=pull
2025-10-15 14:18:00 | WARN | repo=tictactoe | action=edit | files=2
2025-02-16 17:40:00 | WARN | repo=tictactoe | action=commit
2025-05-01 20:14:00 | INFO | repo=tictactoe | action=commit
2025-11-27 19:14:00 | WARN | repo=tictactoe | action=commit
2025-05-04 10:24:00 | DEBUG | repo=tictactoe | action=commit
2025-01-24 14:52:00 | WARN | repo=tictactoe | action=commit
2025-12-11 20:44:00 | DEBUG | repo=tictactoe | action=pull
2025-07-03 20:11:00 | DEBUG | repo=tictactoe | action=commit
2025-06-21 08:23:00 | INFO | repo=tictactoe | action=commit
2025-02-06 20:17:00 | INFO | repo=tictactoe | action=commit
2025-05-19 07:39:00 | WARN | repo=tictactoe | action=commit
2025-12-23 11:39:00 | WARN | repo=tictactoe | action=commit
2025-12-18 07:43:00 | WARN | repo=tictactoe | action=commit
2025-03-15 08:58:00 | DEBUG | repo=tictactoe | action=pull
2025-09-15 14:24:00 | WARN | repo=tictactoe | action=commit
2025-10-15 12:38:00 | INFO | repo=tictactoe | action=commit
2025-09-15 09:38:00 | WARN | repo=tictactoe | action=commit
2025-02-25 18:27:00 | WARN | repo=tictactoe | action=commit
2025-09-20 13:52:00 | INFO | repo=tictactoe | action=commit
2025-02-22 17:18:00 | WARN | repo=tictactoe | action=commit
2025-02-28 21:00:00 | WARN | repo=tictactoe | action=commit
2025-11-23 19:44:00 | DEBUG | repo=tictactoe | action=pull
2025-07-06 15:07:00 | INFO | repo=tictactoe | action=commit
2025-02-09 15:35:00 | INFO | repo=tictactoe | action=commit
2025-03-09 19:31:00 | INFO | repo=tictactoe | action=commit
2025-06-11 16:04:00 | INFO | repo=tictactoe | action=pull
2025-10-18 21:21:00 | INFO | repo=tictactoe | action=commit
2025-05-22 20:48:00 | INFO | repo=tictactoe | action=commit
2025-11-08 20:44:00 | INFO | repo=tictactoe | action=commit
2025-03-01 11:52:00 | WARN | repo=tictactoe | action=commit
2025-07-18 18:22:00 | WARN | repo=tictactoe | action=commit
2025-07-08 12:04:00 | WARN | repo=tictactoe | action=pull
2025-10-01 07:41:00 | INFO | repo=tictactoe | action=test | passed=true
2025-09-03 08:37:00 | WARN | repo=tictactoe | action=commit
2025-09-01 12:46:00 | WARN | repo=tictactoe | action=commit
2025-01-11 08:12:00 | DEBUG | repo=tictactoe | action=commit
2025-05-14 07:28:00 | INFO | repo=tictactoe | action=edit | files=4
2025-03-03 19:28:00 | WARN | repo=tictactoe | action=commit
2025-09-09 11:24:00 | WARN | repo=tictactoe | action=commit
2025-10-10 16:14:00 | WARN | repo=tictactoe | action=commit
2025-09-26 12:11:00 | INFO | repo=tictactoe | action=commit
2025-07-15 10:51:00 | INFO | repo=tictactoe | action=commit
2025-01-11 18:02:00 | WARN | repo=tictactoe | action=commit
2025-10-17 07:48:00 | DEBUG | repo=tictactoe | action=commit
2025-08-10 17:47:00 | DEBUG | repo=tictactoe | action=commit
2025-06-17 11:49:00 | INFO | repo=tictactoe | action=commit
2025-12-13 17:45:00 | DEBUG | repo=tictactoe | action=commit
2025-11-27 20:52:00 | DEBUG | repo=tictactoe | action=commit
2025-03-21 15:25:00 | WARN | repo=tictactoe | action=commit
2025-05-23 20:32:00 | DEBUG | repo=tictactoe | action=commit
2025-12-21 19:50:00 | INFO | repo=tictactoe | action=commit
2025-11-15 15:29:00 | INFO | repo=tictactoe | action=commit
2025-12-22 13:54:00 | DEBUG | repo=tictactoe | action=edit | files=3
2025-02-22 12:02:00 | WARN | repo=tictactoe | action=commit
